TN:
SF:app/app.config.ts
FNF:0
FNH:0
LF:0
LH:0
BRF:0
BRH:0
end_of_record
TN:
SF:app/app.vue
FN:11,render
FNF:1
FNH:0
FNDA:0,render
DA:3,0
DA:6,0
DA:7,0
DA:8,0
DA:12,0
DA:13,0
DA:14,0
LF:7
LH:0
BRF:0
BRH:0
end_of_record
TN:
SF:app/components/Booking.vue
FN:3,(anonymous_0)
FN:4,adopt
FN:5,(anonymous_2)
FN:9,(anonymous_3)
FN:10,fulfilled
FN:17,rejected
FN:24,step
FN:30,(anonymous_7)
FN:33,(anonymous_8)
FN:44,(anonymous_9)
FN:47,verb
FN:48,(anonymous_11)
FN:52,step
FN:123,(anonymous_13)
FN:208,generateTimeOptions
FN:230,toMinutes
FN:237,getEndOptions
FN:240,(anonymous_17)
FN:251,(anonymous_18)
FN:273,(anonymous_19)
FN:274,(anonymous_20)
FN:277,(anonymous_21)
FN:278,(anonymous_22)
FN:294,(anonymous_23)
FN:295,(anonymous_24)
FN:298,(anonymous_25)
FN:299,(anonymous_26)
FN:309,onSubmit
FN:310,(anonymous_28)
FN:311,(anonymous_29)
FN:323,addBooking
FN:333,removeBooking
FN:340,(anonymous_32)
FN:343,getResources
FN:344,(anonymous_34)
FN:346,(anonymous_35)
FN:382,(anonymous_36)
FN:394,(anonymous_37)
FN:437,render
FN:458,(anonymous_39)
FN:467,(anonymous_40)
FN:472,(anonymous_41)
FN:474,(anonymous_42)
FN:490,(anonymous_43)
FN:492,(anonymous_44)
FN:505,(anonymous_45)
FN:508,(anonymous_46)
FN:524,(anonymous_47)
FN:527,(anonymous_48)
FN:534,(anonymous_49)
FN:555,(anonymous_50)
FN:561,(anonymous_51)
FN:566,(anonymous_52)
FN:588,(anonymous_53)
FN:590,(anonymous_54)
FN:593,(anonymous_55)
FN:597,(anonymous_56)
FN:604,(anonymous_57)
FN:620,(anonymous_58)
FN:623,(anonymous_59)
FN:636,(anonymous_60)
FN:639,(anonymous_61)
FN:657,(anonymous_62)
FN:674,(anonymous_63)
FN:679,(anonymous_64)
FN:700,(anonymous_65)
FN:706,(anonymous_66)
FN:718,(anonymous_67)
FN:738,(anonymous_68)
FN:741,(anonymous_69)
FN:752,(anonymous_70)
FN:755,(anonymous_71)
FN:766,(anonymous_72)
FN:769,(anonymous_73)
FN:785,(anonymous_74)
FN:805,(anonymous_75)
FN:808,(anonymous_76)
FN:817,(anonymous_77)
FN:820,(anonymous_78)
FNF:79
FNH:0
FNDA:0,(anonymous_0)
FNDA:0,adopt
FNDA:0,(anonymous_2)
FNDA:0,(anonymous_3)
FNDA:0,fulfilled
FNDA:0,rejected
FNDA:0,step
FNDA:0,(anonymous_7)
FNDA:0,(anonymous_8)
FNDA:0,(anonymous_9)
FNDA:0,verb
FNDA:0,(anonymous_11)
FNDA:0,step
FNDA:0,(anonymous_13)
FNDA:0,generateTimeOptions
FNDA:0,toMinutes
FNDA:0,getEndOptions
FNDA:0,(anonymous_17)
FNDA:0,(anonymous_18)
FNDA:0,(anonymous_19)
FNDA:0,(anonymous_20)
FNDA:0,(anonymous_21)
FNDA:0,(anonymous_22)
FNDA:0,(anonymous_23)
FNDA:0,(anonymous_24)
FNDA:0,(anonymous_25)
FNDA:0,(anonymous_26)
FNDA:0,onSubmit
FNDA:0,(anonymous_28)
FNDA:0,(anonymous_29)
FNDA:0,addBooking
FNDA:0,removeBooking
FNDA:0,(anonymous_32)
FNDA:0,getResources
FNDA:0,(anonymous_34)
FNDA:0,(anonymous_35)
FNDA:0,(anonymous_36)
FNDA:0,(anonymous_37)
FNDA:0,render
FNDA:0,(anonymous_39)
FNDA:0,(anonymous_40)
FNDA:0,(anonymous_41)
FNDA:0,(anonymous_42)
FNDA:0,(anonymous_43)
FNDA:0,(anonymous_44)
FNDA:0,(anonymous_45)
FNDA:0,(anonymous_46)
FNDA:0,(anonymous_47)
FNDA:0,(anonymous_48)
FNDA:0,(anonymous_49)
FNDA:0,(anonymous_50)
FNDA:0,(anonymous_51)
FNDA:0,(anonymous_52)
FNDA:0,(anonymous_53)
FNDA:0,(anonymous_54)
FNDA:0,(anonymous_55)
FNDA:0,(anonymous_56)
FNDA:0,(anonymous_57)
FNDA:0,(anonymous_58)
FNDA:0,(anonymous_59)
FNDA:0,(anonymous_60)
FNDA:0,(anonymous_61)
FNDA:0,(anonymous_62)
FNDA:0,(anonymous_63)
FNDA:0,(anonymous_64)
FNDA:0,(anonymous_65)
FNDA:0,(anonymous_66)
FNDA:0,(anonymous_67)
FNDA:0,(anonymous_68)
FNDA:0,(anonymous_69)
FNDA:0,(anonymous_70)
FNDA:0,(anonymous_71)
FNDA:0,(anonymous_72)
FNDA:0,(anonymous_73)
FNDA:0,(anonymous_74)
FNDA:0,(anonymous_75)
FNDA:0,(anonymous_76)
FNDA:0,(anonymous_77)
FNDA:0,(anonymous_78)
DA:3,0
DA:5,0
DA:6,0
DA:9,0
DA:11,0
DA:12,0
DA:14,0
DA:18,0
DA:19,0
DA:21,0
DA:25,0
DA:27,0
DA:30,0
DA:31,0
DA:34,0
DA:35,0
DA:43,0
DA:44,0
DA:45,0
DA:48,0
DA:49,0
DA:53,0
DA:54,0
DA:55,0
DA:56,0
DA:57,0
DA:60,0
DA:61,0
DA:63,0
DA:64,0
DA:69,0
DA:70,0
DA:71,0
DA:72,0
DA:74,0
DA:75,0
DA:76,0
DA:78,0
DA:79,0
DA:80,0
DA:82,0
DA:83,0
DA:84,0
DA:86,0
DA:87,0
DA:88,0
DA:89,0
DA:91,0
DA:92,0
DA:93,0
DA:94,0
DA:96,0
DA:97,0
DA:98,0
DA:100,0
DA:102,0
DA:103,0
DA:105,0
DA:107,0
DA:108,0
DA:114,0
DA:117,0
DA:118,0
DA:119,0
DA:120,0
DA:121,0
DA:124,0
DA:125,0
DA:126,0
DA:129,0
DA:130,0
DA:147,0
DA:160,0
DA:197,0
DA:209,0
DA:210,0
DA:212,0
DA:213,0
DA:215,0
DA:216,0
DA:218,0
DA:219,0
DA:220,0
DA:221,0
DA:222,0
DA:223,0
DA:224,0
DA:227,0
DA:229,0
DA:231,0
DA:232,0
DA:233,0
DA:234,0
DA:235,0
DA:238,0
DA:239,0
DA:240,0
DA:241,0
DA:244,0
DA:252,0
DA:254,0
DA:259,0
DA:273,0
DA:274,0
DA:275,0
DA:278,0
DA:280,0
DA:281,0
DA:282,0
DA:283,0
DA:284,0
DA:286,0
DA:287,0
DA:288,0
DA:294,0
DA:295,0
DA:296,0
DA:299,0
DA:300,0
DA:301,0
DA:302,0
DA:303,0
DA:304,0
DA:308,0
DA:310,0
DA:311,0
DA:312,0
DA:317,0
DA:318,0
DA:322,0
DA:324,0
DA:334,0
DA:335,0
DA:337,0
DA:338,0
DA:340,0
DA:341,0
DA:344,0
DA:346,0
DA:347,0
DA:349,0
DA:350,0
DA:352,0
DA:353,0
DA:354,0
DA:355,0
DA:360,0
DA:383,0
DA:386,0
DA:390,0
DA:394,0
DA:395,0
DA:396,0
DA:397,0
DA:398,0
DA:401,0
DA:403,0
DA:404,0
DA:405,0
DA:406,0
DA:407,0
DA:408,0
DA:409,0
DA:410,0
DA:411,0
DA:412,0
DA:413,0
DA:414,0
DA:415,0
DA:416,0
DA:417,0
DA:421,0
DA:422,0
DA:423,0
DA:424,0
DA:425,0
DA:426,0
DA:430,0
DA:434,0
DA:435,0
DA:436,0
DA:438,0
DA:439,0
DA:440,0
DA:441,0
DA:442,0
DA:443,0
DA:444,0
DA:445,0
DA:446,0
DA:447,0
DA:448,0
DA:449,0
DA:450,0
DA:451,0
DA:460,0
DA:468,0
DA:469,0
DA:472,0
DA:475,0
DA:490,0
DA:492,0
DA:505,0
DA:508,0
DA:524,0
DA:527,0
DA:535,0
DA:536,0
DA:555,0
DA:561,0
DA:567,0
DA:568,0
DA:588,0
DA:590,0
DA:593,0
DA:597,0
DA:604,0
DA:620,0
DA:623,0
DA:636,0
DA:639,0
DA:657,0
DA:674,0
DA:680,0
DA:701,0
DA:706,0
DA:718,0
DA:738,0
DA:741,0
DA:752,0
DA:755,0
DA:766,0
DA:769,0
DA:785,0
DA:805,0
DA:808,0
DA:817,0
DA:820,0
DA:833,0
LF:239
LH:0
BRDA:3,0,0,0
BRDA:3,0,1,0
BRDA:3,0,2,0
BRDA:5,1,0,0
BRDA:5,1,1,0
BRDA:9,2,0,0
BRDA:9,2,1,0
BRDA:25,3,0,0
BRDA:25,3,1,0
BRDA:27,4,0,0
BRDA:27,4,1,0
BRDA:30,5,0,0
BRDA:30,5,1,0
BRDA:30,5,2,0
BRDA:34,6,0,0
BRDA:34,6,1,0
BRDA:43,7,0,0
BRDA:43,7,1,0
BRDA:44,8,0,0
BRDA:44,8,1,0
BRDA:53,9,0,0
BRDA:53,9,1,0
BRDA:54,10,0,0
BRDA:54,10,1,0
BRDA:54,11,0,0
BRDA:54,11,1,0
BRDA:55,12,0,0
BRDA:55,12,1,0
BRDA:55,13,0,0
BRDA:55,13,1,0
BRDA:55,13,2,0
BRDA:55,14,0,0
BRDA:55,14,1,0
BRDA:55,15,0,0
BRDA:55,15,1,0
BRDA:55,16,0,0
BRDA:55,16,1,0
BRDA:55,17,0,0
BRDA:55,17,1,0
BRDA:56,18,0,0
BRDA:56,18,1,0
BRDA:57,19,0,0
BRDA:57,19,1,0
BRDA:57,19,2,0
BRDA:57,19,3,0
BRDA:57,19,4,0
BRDA:57,19,5,0
BRDA:78,20,0,0
BRDA:78,20,1,0
BRDA:78,21,0,0
BRDA:78,21,1,0
BRDA:78,21,2,0
BRDA:78,22,0,0
BRDA:78,22,1,0
BRDA:82,23,0,0
BRDA:82,23,1,0
BRDA:82,24,0,0
BRDA:82,24,1,0
BRDA:82,24,2,0
BRDA:82,24,3,0
BRDA:86,25,0,0
BRDA:86,25,1,0
BRDA:86,26,0,0
BRDA:86,26,1,0
BRDA:91,27,0,0
BRDA:91,27,1,0
BRDA:91,28,0,0
BRDA:91,28,1,0
BRDA:96,29,0,0
BRDA:96,29,1,0
BRDA:107,30,0,0
BRDA:107,30,1,0
BRDA:109,31,0,0
BRDA:109,31,1,0
BRDA:209,32,0,0
BRDA:209,32,1,0
BRDA:212,33,0,0
BRDA:212,33,1,0
BRDA:215,34,0,0
BRDA:215,34,1,0
BRDA:221,35,0,0
BRDA:221,35,1,0
BRDA:221,36,0,0
BRDA:221,36,1,0
BRDA:234,37,0,0
BRDA:234,37,1,0
BRDA:234,38,0,0
BRDA:234,38,1,0
BRDA:238,39,0,0
BRDA:238,39,1,0
BRDA:252,40,0,0
BRDA:252,40,1,0
BRDA:252,40,2,0
BRDA:280,41,0,0
BRDA:280,41,1,0
BRDA:281,42,0,0
BRDA:281,42,1,0
BRDA:281,43,0,0
BRDA:281,43,1,0
BRDA:281,44,0,0
BRDA:281,44,1,0
BRDA:282,45,0,0
BRDA:282,45,1,0
BRDA:287,46,0,0
BRDA:287,46,1,0
BRDA:287,47,0,0
BRDA:287,47,1,0
BRDA:287,48,0,0
BRDA:287,48,1,0
BRDA:301,49,0,0
BRDA:301,49,1,0
BRDA:303,50,0,0
BRDA:303,50,1,0
BRDA:303,51,0,0
BRDA:303,51,1,0
BRDA:304,52,0,0
BRDA:304,52,1,0
BRDA:334,53,0,0
BRDA:334,53,1,0
BRDA:347,54,0,0
BRDA:347,54,1,0
BRDA:394,55,0,0
BRDA:394,55,1,0
BRDA:394,55,2,0
BRDA:395,56,0,0
BRDA:395,56,1,0
BRDA:395,57,0,0
BRDA:395,57,1,0
BRDA:396,58,0,0
BRDA:396,58,1,0
BRDA:396,59,0,0
BRDA:396,59,1,0
BRDA:397,60,0,0
BRDA:397,60,1,0
BRDA:401,61,0,0
BRDA:401,61,1,0
BRDA:470,62,0,0
BRDA:470,62,1,0
BRDA:483,63,0,0
BRDA:483,63,1,0
BRDA:492,64,0,0
BRDA:492,64,1,0
BRDA:518,65,0,0
BRDA:518,65,1,0
BRDA:605,66,0,0
BRDA:605,66,1,0
BRDA:657,67,0,0
BRDA:657,67,1,0
BRDA:669,68,0,0
BRDA:669,68,1,0
BRDA:675,69,0,0
BRDA:675,69,1,0
BRDA:677,70,0,0
BRDA:677,70,1,0
BRDA:677,71,0,0
BRDA:677,71,1,0
BRDA:698,72,0,0
BRDA:698,72,1,0
BRDA:730,73,0,0
BRDA:730,73,1,0
BRDA:741,74,0,0
BRDA:741,74,1,0
BRDA:755,75,0,0
BRDA:755,75,1,0
BRDA:769,76,0,0
BRDA:769,76,1,0
BRDA:783,77,0,0
BRDA:783,77,1,0
BRDA:785,78,0,0
BRDA:785,78,1,0
BRDA:804,79,0,0
BRDA:804,79,1,0
BRDA:804,80,0,0
BRDA:804,80,1,0
BRDA:805,81,0,0
BRDA:805,81,1,0
BRDA:805,82,0,0
BRDA:805,82,1,0
BRDA:805,83,0,0
BRDA:805,83,1,0
BRDA:808,84,0,0
BRDA:808,84,1,0
BRDA:816,85,0,0
BRDA:816,85,1,0
BRDA:816,86,0,0
BRDA:816,86,1,0
BRDA:817,87,0,0
BRDA:817,87,1,0
BRDA:817,88,0,0
BRDA:817,88,1,0
BRDA:817,89,0,0
BRDA:817,89,1,0
BRDA:820,90,0,0
BRDA:820,90,1,0
BRF:194
BRH:0
end_of_record
